Build started 7/19/2012 7:00:26 PM.
     1>Project "c:\Xavi\documents\visual studio 2010\Projects\hwk3Stego\hwk3Stego\hwk3Stego.vcxproj" on node 2 (build target(s)).
     1>InitializeBuildStatus:
         Touching "Debug\hwk3Stego.unsuccessfulbuild".
       ClCompile:
         All outputs are up-to-date.
         c:\Program Files (x86)\Microsoft Visual Studio 10.0\VC\bin\CL.exe /c /ZI /nologo /W3 /WX- /Od /Oy- /D WIN32 /D _DEBUG /D _CONSOLE /D _UNICODE /D UNICODE /Gm /EHsc /RTC1 /MDd /GS /fp:precise /Zc:wchar_t /Zc:forScope /Yu"StdAfx.h" /Fp"Debug\hwk3Stego.pch" /Fo"Debug\\" /Fd"Debug\vc100.pdb" /Gd /TP /analyze- /errorReport:prompt hwk3Stego.cpp
         hwk3Stego.cpp
     1>c:\xavi\documents\visual studio 2010\projects\hwk3stego\hwk3stego\hwk3stego.cpp(43): warning C4101: 'dctSum' : unreferenced local variable
     1>c:\xavi\documents\visual studio 2010\projects\hwk3stego\hwk3stego\hwk3stego.cpp(44): warning C4101: 'cn' : unreferenced local variable
       ManifestResourceCompile:
         All outputs are up-to-date.
       Link:
         c:\Program Files (x86)\Microsoft Visual Studio 10.0\VC\bin\link.exe /ERRORREPORT:PROMPT /OUT:"c:\xavi\documents\visual studio 2010\Projects\hwk3Stego\Debug\hwk3Stego.exe" /INCREMENTAL /NOLOGO kernel32.lib user32.lib gdi32.lib winspool.lib comdlg32.lib advapi32.lib shell32.lib ole32.lib oleaut32.lib uuid.lib odbc32.lib odbccp32.lib /MANIFEST /ManifestFile:"Debug\hwk3Stego.exe.intermediate.manifest" /MANIFESTUAC:"level='asInvoker' uiAccess='false'" /DEBUG /PDB:"c:\xavi\documents\visual studio 2010\Projects\hwk3Stego\Debug\hwk3Stego.pdb" /SUBSYSTEM:CONSOLE /TLBID:1 /DYNAMICBASE /NXCOMPAT /IMPLIB:"c:\xavi\documents\visual studio 2010\Projects\hwk3Stego\Debug\hwk3Stego.lib" /MACHINE:X86 Debug\hwk3Stego.exe.embed.manifest.res
         Debug\hwk3Stego.obj
         Debug\stdafx.obj
       Manifest:
         C:\Program Files (x86)\Microsoft SDKs\Windows\v7.0A\bin\mt.exe /nologo /verbose /out:"Debug\hwk3Stego.exe.embed.manifest" /manifest Debug\hwk3Stego.exe.intermediate.manifest
         All outputs are up-to-date.
       LinkEmbedManifest:
         All outputs are up-to-date.
         hwk3Stego.vcxproj -> c:\xavi\documents\visual studio 2010\Projects\hwk3Stego\Debug\hwk3Stego.exe
       FinalizeBuildStatus:
         Deleting file "Debug\hwk3Stego.unsuccessfulbuild".
         Touching "Debug\hwk3Stego.lastbuildstate".
     1>Done Building Project "c:\Xavi\documents\visual studio 2010\Projects\hwk3Stego\hwk3Stego\hwk3Stego.vcxproj" (build target(s)).

Build succeeded.

Time Elapsed 00:00:00.45
