C:\XAVI\FILES\BACHELOR DEGREE\UTSA\4953 STEGANOGRAPHY\PROJECT6\STEGO_PROJECT_CODE\RELEASE\BITIMAGE.OBJ
C:\XAVI\FILES\BACHELOR DEGREE\UTSA\4953 STEGANOGRAPHY\PROJECT6\STEGO_PROJECT_CODE\RELEASE\BMPDECOD.OBJ
C:\XAVI\FILES\BACHELOR DEGREE\UTSA\4953 STEGANOGRAPHY\PROJECT6\STEGO_PROJECT_CODE\RELEASE\BMPENCOD.OBJ
C:\Xavi\Files\Bachelor Degree\UTSA\4953 Steganography\Project6\stego_project_code\Release\cl.command.1.tlog
C:\Xavi\Files\Bachelor Degree\UTSA\4953 Steganography\Project6\stego_project_code\Release\CL.read.1.tlog
C:\Xavi\Files\Bachelor Degree\UTSA\4953 Steganography\Project6\stego_project_code\Release\CL.write.1.tlog
C:\XAVI\FILES\BACHELOR DEGREE\UTSA\4953 STEGANOGRAPHY\PROJECT6\STEGO_PROJECT_CODE\RELEASE\ENCODER.OBJ
C:\XAVI\FILES\BACHELOR DEGREE\UTSA\4953 STEGANOGRAPHY\PROJECT6\STEGO_PROJECT_CODE\RELEASE\HIDE.OBJ
C:\XAVI\FILES\BACHELOR DEGREE\UTSA\4953 STEGANOGRAPHY\PROJECT6\STEGO_PROJECT_CODE\RELEASE\JFIF.OBJ
C:\XAVI\FILES\BACHELOR DEGREE\UTSA\4953 STEGANOGRAPHY\PROJECT6\STEGO_PROJECT_CODE\RELEASE\JPDECOMP.OBJ
C:\XAVI\FILES\BACHELOR DEGREE\UTSA\4953 STEGANOGRAPHY\PROJECT6\STEGO_PROJECT_CODE\RELEASE\JPDEDU.OBJ
C:\XAVI\FILES\BACHELOR DEGREE\UTSA\4953 STEGANOGRAPHY\PROJECT6\STEGO_PROJECT_CODE\RELEASE\JPDEHUFF.OBJ
C:\XAVI\FILES\BACHELOR DEGREE\UTSA\4953 STEGANOGRAPHY\PROJECT6\STEGO_PROJECT_CODE\RELEASE\JPDEQUAN.OBJ
C:\XAVI\FILES\BACHELOR DEGREE\UTSA\4953 STEGANOGRAPHY\PROJECT6\STEGO_PROJECT_CODE\RELEASE\JPEG.OBJ
C:\XAVI\FILES\BACHELOR DEGREE\UTSA\4953 STEGANOGRAPHY\PROJECT6\STEGO_PROJECT_CODE\RELEASE\JPEGDECO.OBJ
C:\XAVI\FILES\BACHELOR DEGREE\UTSA\4953 STEGANOGRAPHY\PROJECT6\STEGO_PROJECT_CODE\RELEASE\JPEGENCDEC.EXE
C:\XAVI\FILES\BACHELOR DEGREE\UTSA\4953 STEGANOGRAPHY\PROJECT6\STEGO_PROJECT_CODE\RELEASE\JPEGENCDEC.EXE.INTERMEDIATE.MANIFEST
C:\XAVI\FILES\BACHELOR DEGREE\UTSA\4953 STEGANOGRAPHY\PROJECT6\STEGO_PROJECT_CODE\RELEASE\JPEGENCDEC.PDB
C:\XAVI\FILES\BACHELOR DEGREE\UTSA\4953 STEGANOGRAPHY\PROJECT6\STEGO_PROJECT_CODE\RELEASE\JPEGENCO.OBJ
C:\XAVI\FILES\BACHELOR DEGREE\UTSA\4953 STEGANOGRAPHY\PROJECT6\STEGO_PROJECT_CODE\RELEASE\JPENCOMP.OBJ
C:\XAVI\FILES\BACHELOR DEGREE\UTSA\4953 STEGANOGRAPHY\PROJECT6\STEGO_PROJECT_CODE\RELEASE\JPENDU.OBJ
C:\XAVI\FILES\BACHELOR DEGREE\UTSA\4953 STEGANOGRAPHY\PROJECT6\STEGO_PROJECT_CODE\RELEASE\JPENHUFF.OBJ
C:\XAVI\FILES\BACHELOR DEGREE\UTSA\4953 STEGANOGRAPHY\PROJECT6\STEGO_PROJECT_CODE\RELEASE\JPENQUAN.OBJ
C:\Xavi\Files\Bachelor Degree\UTSA\4953 Steganography\Project6\stego_project_code\Release\link.command.1.tlog
C:\Xavi\Files\Bachelor Degree\UTSA\4953 Steganography\Project6\stego_project_code\Release\link.read.1.tlog
C:\Xavi\Files\Bachelor Degree\UTSA\4953 Steganography\Project6\stego_project_code\Release\link.write.1.tlog
C:\XAVI\FILES\BACHELOR DEGREE\UTSA\4953 STEGANOGRAPHY\PROJECT6\STEGO_PROJECT_CODE\RELEASE\MAIN.OBJ
C:\Xavi\Files\Bachelor Degree\UTSA\4953 Steganography\Project6\stego_project_code\Release\mt.command.1.tlog
C:\Xavi\Files\Bachelor Degree\UTSA\4953 Steganography\Project6\stego_project_code\Release\mt.read.1.tlog
C:\Xavi\Files\Bachelor Degree\UTSA\4953 Steganography\Project6\stego_project_code\Release\mt.write.1.tlog
C:\XAVI\FILES\BACHELOR DEGREE\UTSA\4953 STEGANOGRAPHY\PROJECT6\STEGO_PROJECT_CODE\RELEASE\VC100.PDB
Release\JpegEncDec.pdb
