Build started 7/7/2012 7:32:31 PM.
     1>Project "C:\Xavi\Files\Bachelor Degree\UTSA\4953 Steganography\Project6\stego_project_code\JpegEncDec.vcxproj" on node 2 (build target(s)).
     1>InitializeBuildStatus:
         Touching "Debug\JpegEncDec.unsuccessfulbuild".
       ClCompile:
         c:\Program Files (x86)\Microsoft Visual Studio 10.0\VC\bin\CL.exe /c /I"D:\Programming Projects\JpegEncDec\include" /ZI /nologo /W3 /WX- /Od /Oy- /D WIN32 /D _DEBUG /D _CONSOLE /D _VC80_UPGRADE=0x0710 /D _MBCS /Gm /EHsc /RTC1 /MTd /GS /fp:precise /Zc:wchar_t /Zc:forScope /Fo"Debug\\" /Fd"Debug\vc100.pdb" /Gd /TP /analyze- /errorReport:prompt Main.cpp jpeg\bitimage.cpp jpeg\bmpdecod.cpp jpeg\bmpencod.cpp jpeg\encoder.cpp jpeg\jfif.cpp jpeg\jpdecomp.cpp jpeg\jpdedu.cpp jpeg\jpdehuff.cpp jpeg\jpdequan.cpp jpeg\jpeg.cpp jpeg\jpegdeco.cpp jpeg\jpegenco.cpp jpeg\jpencomp.cpp jpeg\jpendu.cpp jpeg\jpenhuff.cpp jpeg\jpenquan.cpp
         jpenquan.cpp
         jpenhuff.cpp
         jpendu.cpp
         jpencomp.cpp
         jpegenco.cpp
     1>c:\xavi\files\bachelor degree\utsa\4953 steganography\project6\stego_project_code\jpeg\jpegenco.cpp(524): warning C4018: '<=' : signed/unsigned mismatch
     1>c:\xavi\files\bachelor degree\utsa\4953 steganography\project6\stego_project_code\jpeg\jpegenco.cpp(553): warning C4018: '<=' : signed/unsigned mismatch
     1>c:\xavi\files\bachelor degree\utsa\4953 steganography\project6\stego_project_code\jpeg\jpegenco.cpp(587): warning C4018: '<=' : signed/unsigned mismatch
     1>c:\xavi\files\bachelor degree\utsa\4953 steganography\project6\stego_project_code\jpeg\jpegenco.cpp(722): warning C4244: 'argument' : conversion from 'UBYTE2' to 'UBYTE1', possible loss of data
     1>c:\xavi\files\bachelor degree\utsa\4953 steganography\project6\stego_project_code\jpeg\jpegenco.cpp(733): warning C4244: 'argument' : conversion from 'UBYTE2' to 'UBYTE1', possible loss of data
     1>c:\xavi\files\bachelor degree\utsa\4953 steganography\project6\stego_project_code\jpeg\jpegenco.cpp(739): warning C4244: 'argument' : conversion from 'UBYTE2' to 'UBYTE1', possible loss of data
         jpegdeco.cpp
     1>c:\xavi\files\bachelor degree\utsa\4953 steganography\project6\stego_project_code\jpeg\jpegdeco.cpp(357): warning C4018: '<' : signed/unsigned mismatch
     1>c:\xavi\files\bachelor degree\utsa\4953 steganography\project6\stego_project_code\jpeg\jpegdeco.cpp(362): warning C4018: '<' : signed/unsigned mismatch
     1>c:\xavi\files\bachelor degree\utsa\4953 steganography\project6\stego_project_code\jpeg\jpegdeco.cpp(1348): warning C4244: 'initializing' : conversion from 'std::streamoff' to 'long', possible loss of data
     1>c:\xavi\files\bachelor degree\utsa\4953 steganography\project6\stego_project_code\jpeg\jpegdeco.cpp(1400): warning C4018: '<' : signed/unsigned mismatch
         jpeg.cpp
         jpdequan.cpp
         jpdehuff.cpp
     1>c:\xavi\files\bachelor degree\utsa\4953 steganography\project6\stego_project_code\jpeg\jpdehuff.cpp(244): warning C4018: '<' : signed/unsigned mismatch
         jpdedu.cpp
         jpdecomp.cpp
         jfif.cpp
         encoder.cpp
         bmpencod.cpp
         bmpdecod.cpp
     1>c:\xavi\files\bachelor degree\utsa\4953 steganography\project6\stego_project_code\jpeg\bmpdecod.cpp(277): warning C4018: '<' : signed/unsigned mismatch
     1>c:\xavi\files\bachelor degree\utsa\4953 steganography\project6\stego_project_code\jpeg\bmpdecod.cpp(294): warning C4018: '<' : signed/unsigned mismatch
     1>c:\xavi\files\bachelor degree\utsa\4953 steganography\project6\stego_project_code\jpeg\bmpdecod.cpp(356): warning C4018: '>=' : signed/unsigned mismatch
     1>c:\xavi\files\bachelor degree\utsa\4953 steganography\project6\stego_project_code\jpeg\bmpdecod.cpp(375): warning C4018: '>=' : signed/unsigned mismatch
     1>c:\xavi\files\bachelor degree\utsa\4953 steganography\project6\stego_project_code\jpeg\bmpdecod.cpp(436): warning C4018: '>=' : signed/unsigned mismatch
     1>c:\xavi\files\bachelor degree\utsa\4953 steganography\project6\stego_project_code\jpeg\bmpdecod.cpp(487): warning C4018: '>=' : signed/unsigned mismatch
     1>c:\xavi\files\bachelor degree\utsa\4953 steganography\project6\stego_project_code\jpeg\bmpdecod.cpp(542): warning C4018: '<' : signed/unsigned mismatch
     1>c:\xavi\files\bachelor degree\utsa\4953 steganography\project6\stego_project_code\jpeg\bmpdecod.cpp(562): warning C4018: '<' : signed/unsigned mismatch
         bitimage.cpp
         Main.cpp
     1>c:\xavi\files\bachelor degree\utsa\4953 steganography\project6\stego_project_code\main.cpp(114): warning C4996: 'fopen': This function or variable may be unsafe. Consider using fopen_s instead. To disable deprecation, use _CRT_SECURE_NO_WARNINGS. See online help for details.
                 c:\program files (x86)\microsoft visual studio 10.0\vc\include\stdio.h(234) : see declaration of 'fopen'
     1>c:\xavi\files\bachelor degree\utsa\4953 steganography\project6\stego_project_code\main.cpp(136): warning C4996: 'strcpy': This function or variable may be unsafe. Consider using strcpy_s instead. To disable deprecation, use _CRT_SECURE_NO_WARNINGS. See online help for details.
                 c:\program files (x86)\microsoft visual studio 10.0\vc\include\string.h(105) : see declaration of 'strcpy'
     1>c:\xavi\files\bachelor degree\utsa\4953 steganography\project6\stego_project_code\main.cpp(190): warning C4996: 'strcpy': This function or variable may be unsafe. Consider using strcpy_s instead. To disable deprecation, use _CRT_SECURE_NO_WARNINGS. See online help for details.
                 c:\program files (x86)\microsoft visual studio 10.0\vc\include\string.h(105) : see declaration of 'strcpy'
     1>c:\xavi\files\bachelor degree\utsa\4953 steganography\project6\stego_project_code\main.cpp(196): warning C4996: 'strcat': This function or variable may be unsafe. Consider using strcat_s instead. To disable deprecation, use _CRT_SECURE_NO_WARNINGS. See online help for details.
                 c:\program files (x86)\microsoft visual studio 10.0\vc\include\string.h(110) : see declaration of 'strcat'
     1>c:\xavi\files\bachelor degree\utsa\4953 steganography\project6\stego_project_code\main.cpp(201): warning C4996: 'strcat': This function or variable may be unsafe. Consider using strcat_s instead. To disable deprecation, use _CRT_SECURE_NO_WARNINGS. See online help for details.
                 c:\program files (x86)\microsoft visual studio 10.0\vc\include\string.h(110) : see declaration of 'strcat'
     1>c:\xavi\files\bachelor degree\utsa\4953 steganography\project6\stego_project_code\main.cpp(252): warning C4996: 'strcpy': This function or variable may be unsafe. Consider using strcpy_s instead. To disable deprecation, use _CRT_SECURE_NO_WARNINGS. See online help for details.
                 c:\program files (x86)\microsoft visual studio 10.0\vc\include\string.h(105) : see declaration of 'strcpy'
     1>c:\xavi\files\bachelor degree\utsa\4953 steganography\project6\stego_project_code\main.cpp(255): warning C4996: 'strcat': This function or variable may be unsafe. Consider using strcat_s instead. To disable deprecation, use _CRT_SECURE_NO_WARNINGS. See online help for details.
                 c:\program files (x86)\microsoft visual studio 10.0\vc\include\string.h(110) : see declaration of 'strcat'
     1>c:\xavi\files\bachelor degree\utsa\4953 steganography\project6\stego_project_code\main.cpp(295): warning C4996: 'fopen': This function or variable may be unsafe. Consider using fopen_s instead. To disable deprecation, use _CRT_SECURE_NO_WARNINGS. See online help for details.
                 c:\program files (x86)\microsoft visual studio 10.0\vc\include\stdio.h(234) : see declaration of 'fopen'
     1>c:\xavi\files\bachelor degree\utsa\4953 steganography\project6\stego_project_code\main.cpp(341): warning C4996: 'strcpy': This function or variable may be unsafe. Consider using strcpy_s instead. To disable deprecation, use _CRT_SECURE_NO_WARNINGS. See online help for details.
                 c:\program files (x86)\microsoft visual studio 10.0\vc\include\string.h(105) : see declaration of 'strcpy'
         Generating Code...
       ManifestResourceCompile:
         C:\Program Files (x86)\Microsoft SDKs\Windows\v7.0A\bin\rc.exe /nologo /fo"Debug\JpegEncDec.exe.embed.manifest.res" Debug\JpegEncDec_manifest.rc 
     1>C:\Program Files (x86)\MSBuild\Microsoft.Cpp\v4.0\Microsoft.CppBuild.targets(990,5): warning MSB8012: TargetPath(C:\Xavi\Files\Bachelor Degree\UTSA\4953 Steganography\Project6\stego_project_code\Debug\JpegEncDec.exe) does not match the Linker's OutputFile property value (C:\Xavi\Files\Bachelor Degree\UTSA\4953 Steganography\Project6\stego_project_code\Debug\J.exe). This may cause your project to build incorrectly. To correct this, please make sure that $(OutDir), $(TargetName) and $(TargetExt) property values match the value specified in %(Link.OutputFile).
     1>C:\Program Files (x86)\MSBuild\Microsoft.Cpp\v4.0\Microsoft.CppBuild.targets(992,5): warning MSB8012: TargetName(JpegEncDec) does not match the Linker's OutputFile property value (J). This may cause your project to build incorrectly. To correct this, please make sure that $(OutDir), $(TargetName) and $(TargetExt) property values match the value specified in %(Link.OutputFile).
       Link:
         c:\Program Files (x86)\Microsoft Visual Studio 10.0\VC\bin\link.exe /ERRORREPORT:PROMPT /OUT:"Debug\J.exe" /INCREMENTAL /NOLOGO kernel32.lib user32.lib gdi32.lib winspool.lib comdlg32.lib advapi32.lib shell32.lib ole32.lib oleaut32.lib uuid.lib odbc32.lib odbccp32.lib /MANIFEST /ManifestFile:"Debug\JpegEncDec.exe.intermediate.manifest" /MANIFESTUAC:"level='asInvoker' uiAccess='false'" /DEBUG /PDB:"Debug\JpegEncDec.pdb" /SUBSYSTEM:CONSOLE /TLBID:1 /DYNAMICBASE /NXCOMPAT /IMPLIB:"Debug\JpegEncDec.lib" /MACHINE:X86 Debug\JpegEncDec.exe.embed.manifest.res
         Debug\bitimage.obj
         Debug\bmpdecod.obj
         Debug\bmpencod.obj
         Debug\encoder.obj
         Debug\Hide.obj
         Debug\jfif.obj
         Debug\jpdecomp.obj
         Debug\jpdedu.obj
         Debug\jpdehuff.obj
         Debug\jpdequan.obj
         Debug\jpeg.obj
         Debug\jpegdeco.obj
         Debug\jpegenco.obj
         Debug\jpencomp.obj
         Debug\jpendu.obj
         Debug\jpenhuff.obj
         Debug\jpenquan.obj
         Debug\Main.obj
     1>jpdequan.obj : warning LNK4229: invalid directive '/COMMENT:Copyright 1997 Colosseum Builders Inc.' encountered; ignored
     1>jpegenco.obj : warning LNK4229: invalid directive '/COMMENT:Copyright 1998 Colosseum Builders Inc.' encountered; ignored
       Manifest:
         C:\Program Files (x86)\Microsoft SDKs\Windows\v7.0A\bin\mt.exe /nologo /verbose /out:"Debug\JpegEncDec.exe.embed.manifest" /manifest Debug\JpegEncDec.exe.intermediate.manifest
         C:\Program Files (x86)\Microsoft SDKs\Windows\v7.0A\bin\rc.exe /nologo /fo"Debug\JpegEncDec.exe.embed.manifest.res" Debug\JpegEncDec_manifest.rc 
       LinkEmbedManifest:
         c:\Program Files (x86)\Microsoft Visual Studio 10.0\VC\bin\link.exe /ERRORREPORT:PROMPT /OUT:"Debug\J.exe" /INCREMENTAL /NOLOGO kernel32.lib user32.lib gdi32.lib winspool.lib comdlg32.lib advapi32.lib shell32.lib ole32.lib oleaut32.lib uuid.lib odbc32.lib odbccp32.lib /MANIFEST /ManifestFile:"Debug\JpegEncDec.exe.intermediate.manifest" /MANIFESTUAC:"level='asInvoker' uiAccess='false'" /DEBUG /PDB:"Debug\JpegEncDec.pdb" /SUBSYSTEM:CONSOLE /TLBID:1 /DYNAMICBASE /NXCOMPAT /IMPLIB:"Debug\JpegEncDec.lib" /MACHINE:X86 Debug\JpegEncDec.exe.embed.manifest.res
         Debug\bitimage.obj
         Debug\bmpdecod.obj
         Debug\bmpencod.obj
         Debug\encoder.obj
         Debug\Hide.obj
         Debug\jfif.obj
         Debug\jpdecomp.obj
         Debug\jpdedu.obj
         Debug\jpdehuff.obj
         Debug\jpdequan.obj
         Debug\jpeg.obj
         Debug\jpegdeco.obj
         Debug\jpegenco.obj
         Debug\jpencomp.obj
         Debug\jpendu.obj
         Debug\jpenhuff.obj
         Debug\jpenquan.obj
         Debug\Main.obj
     1>jpdequan.obj : warning LNK4229: invalid directive '/COMMENT:Copyright 1997 Colosseum Builders Inc.' encountered; ignored
     1>jpegenco.obj : warning LNK4229: invalid directive '/COMMENT:Copyright 1998 Colosseum Builders Inc.' encountered; ignored
         JpegEncDec.vcxproj -> C:\Xavi\Files\Bachelor Degree\UTSA\4953 Steganography\Project6\stego_project_code\Debug\JpegEncDec.exe
       FinalizeBuildStatus:
         Deleting file "Debug\JpegEncDec.unsuccessfulbuild".
         Touching "Debug\JpegEncDec.lastbuildstate".
     1>Done Building Project "C:\Xavi\Files\Bachelor Degree\UTSA\4953 Steganography\Project6\stego_project_code\JpegEncDec.vcxproj" (build target(s)).

Build succeeded.

Time Elapsed 00:00:15.47
